============================= test session starts ==============================
platform darwin -- Python 3.13.3, pytest-8.3.5, pluggy-1.5.0
rootdir: /Users/andreasalomone/perito-wrap/robotperizia/report-ai
configfile: pytest.ini
collected 0 items / 1 error

==================================== ERRORS ====================================
________________ ERROR collecting tests/test_admin_services.py _________________
ImportError while importing test module '/Users/andreasalomone/perito-wrap/robotperizia/report-ai/tests/test_admin_services.py'.
Hint: make sure your test modules/packages have valid Python names.
Traceback:
/opt/homebrew/Cellar/python@3.13/3.13.3/Frameworks/Python.framework/Versions/3.13/lib/python3.13/importlib/__init__.py:88: in import_module
    return _bootstrap._gcd_import(name[level:], package, level)
tests/test_admin_services.py:2: in <module>
    from admin.services import get_dashboard_stats, get_paginated_documents
admin/__init__.py:1: in <module>
    from flask import Blueprint
E   ModuleNotFoundError: No module named 'flask'
=============================== warnings summary ===============================
../../../../../opt/homebrew/Cellar/pytest/8.3.5/libexec/lib/python3.13/site-packages/_pytest/config/__init__.py:1441
  /opt/homebrew/Cellar/pytest/8.3.5/libexec/lib/python3.13/site-packages/_pytest/config/__init__.py:1441: PytestConfigWarning: Unknown config option: asyncio_mode
  
    self._warn_or_fail_if_strict(f"Unknown config option: {key}\n")

../../../../../opt/homebrew/Cellar/pytest/8.3.5/libexec/lib/python3.13/site-packages/_pytest/config/__init__.py:1441
  /opt/homebrew/Cellar/pytest/8.3.5/libexec/lib/python3.13/site-packages/_pytest/config/__init__.py:1441: PytestConfigWarning: Unknown config option: cov
  
    self._warn_or_fail_if_strict(f"Unknown config option: {key}\n")

../../../../../opt/homebrew/Cellar/pytest/8.3.5/libexec/lib/python3.13/site-packages/_pytest/config/__init__.py:1441
  /opt/homebrew/Cellar/pytest/8.3.5/libexec/lib/python3.13/site-packages/_pytest/config/__init__.py:1441: PytestConfigWarning: Unknown config option: cov_report
  
    self._warn_or_fail_if_strict(f"Unknown config option: {key}\n")

-- Docs: https://docs.pytest.org/en/stable/how-to/capture-warnings.html
=========================== short test summary info ============================
ERROR tests/test_admin_services.py
!!!!!!!!!!!!!!!!!!!! Interrupted: 1 error during collection !!!!!!!!!!!!!!!!!!!!
========================= 3 warnings, 1 error in 0.06s =========================
